2023-11-02 11:32:02,633 [Worker-8: Loading available Gradle versions] INFO  o.e.b.c.i.u.g.PublishedGradleVersions - Gradle version information cache is out-of-date. Trying to update.
2023-11-02 11:33:48,384 [Worker-18: Launching mavenrun-b6e9d81e-a12a-4ab4-a61f-f41e2935e193] INFO  o.eclipse.m2e.core.internal.Bundles - getClasspathEntries(Bundle=org.eclipse.m2e.maven.runtime_3.9.100.20230519-1558 [288])
2023-11-02 11:33:48,388 [Worker-18: Launching mavenrun-b6e9d81e-a12a-4ab4-a61f-f41e2935e193] INFO  o.eclipse.m2e.core.internal.Bundles - 	Entry: C:\Users\wcg170\.p2\pool\plugins\org.eclipse.m2e.maven.runtime_3.9.100.20230519-1558
2023-11-02 11:33:48,388 [Worker-18: Launching mavenrun-b6e9d81e-a12a-4ab4-a61f-f41e2935e193] INFO  o.eclipse.m2e.core.internal.Bundles - 	Entry: C:\Users\wcg170\.p2\pool\plugins\org.eclipse.m2e.maven.runtime_3.9.100.20230519-1558\jars\aether-connector-okhttp-0.17.8.jar
2023-11-02 11:33:48,388 [Worker-18: Launching mavenrun-b6e9d81e-a12a-4ab4-a61f-f41e2935e193] INFO  o.eclipse.m2e.core.internal.Bundles - 	Entry: C:\Users\wcg170\.p2\pool\plugins\org.eclipse.m2e.maven.runtime_3.9.100.20230519-1558\jars\aopalliance-1.0.jar
2023-11-02 11:33:48,388 [Worker-18: Launching mavenrun-b6e9d81e-a12a-4ab4-a61f-f41e2935e193] INFO  o.eclipse.m2e.core.internal.Bundles - 	Entry: C:\Users\wcg170\.p2\pool\plugins\org.eclipse.m2e.maven.runtime_3.9.100.20230519-1558\jars\commons-lang3-3.8.1.jar
2023-11-02 11:33:48,388 [Worker-18: Launching mavenrun-b6e9d81e-a12a-4ab4-a61f-f41e2935e193] INFO  o.eclipse.m2e.core.internal.Bundles - 	Entry: C:\Users\wcg170\.p2\pool\plugins\org.eclipse.m2e.maven.runtime_3.9.100.20230519-1558\jars\failureaccess-1.0.1.jar
2023-11-02 11:33:48,388 [Worker-18: Launching mavenrun-b6e9d81e-a12a-4ab4-a61f-f41e2935e193] INFO  o.eclipse.m2e.core.internal.Bundles - 	Entry: C:\Users\wcg170\.p2\pool\plugins\org.eclipse.m2e.maven.runtime_3.9.100.20230519-1558\jars\guava-30.1-jre.jar
2023-11-02 11:33:48,389 [Worker-18: Launching mavenrun-b6e9d81e-a12a-4ab4-a61f-f41e2935e193] INFO  o.eclipse.m2e.core.internal.Bundles - 	Entry: C:\Users\wcg170\.p2\pool\plugins\org.eclipse.m2e.maven.runtime_3.9.100.20230519-1558\jars\guice-5.1.0.jar
2023-11-02 11:33:48,389 [Worker-18: Launching mavenrun-b6e9d81e-a12a-4ab4-a61f-f41e2935e193] INFO  o.eclipse.m2e.core.internal.Bundles - 	Entry: C:\Users\wcg170\.p2\pool\plugins\org.eclipse.m2e.maven.runtime_3.9.100.20230519-1558\jars\jansi-2.4.0.jar
2023-11-02 11:33:48,389 [Worker-18: Launching mavenrun-b6e9d81e-a12a-4ab4-a61f-f41e2935e193] INFO  o.eclipse.m2e.core.internal.Bundles - 	Entry: C:\Users\wcg170\.p2\pool\plugins\org.eclipse.m2e.maven.runtime_3.9.100.20230519-1558\jars\maven-artifact-3.9.1.jar
2023-11-02 11:33:48,389 [Worker-18: Launching mavenrun-b6e9d81e-a12a-4ab4-a61f-f41e2935e193] INFO  o.eclipse.m2e.core.internal.Bundles - 	Entry: C:\Users\wcg170\.p2\pool\plugins\org.eclipse.m2e.maven.runtime_3.9.100.20230519-1558\jars\maven-builder-support-3.9.1.jar
2023-11-02 11:33:48,389 [Worker-18: Launching mavenrun-b6e9d81e-a12a-4ab4-a61f-f41e2935e193] INFO  o.eclipse.m2e.core.internal.Bundles - 	Entry: C:\Users\wcg170\.p2\pool\plugins\org.eclipse.m2e.maven.runtime_3.9.100.20230519-1558\jars\maven-compat-3.9.1.jar
2023-11-02 11:33:48,389 [Worker-18: Launching mavenrun-b6e9d81e-a12a-4ab4-a61f-f41e2935e193] INFO  o.eclipse.m2e.core.internal.Bundles - 	Entry: C:\Users\wcg170\.p2\pool\plugins\org.eclipse.m2e.maven.runtime_3.9.100.20230519-1558\jars\maven-core-3.9.1.jar
2023-11-02 11:33:48,389 [Worker-18: Launching mavenrun-b6e9d81e-a12a-4ab4-a61f-f41e2935e193] INFO  o.eclipse.m2e.core.internal.Bundles - 	Entry: C:\Users\wcg170\.p2\pool\plugins\org.eclipse.m2e.maven.runtime_3.9.100.20230519-1558\jars\maven-embedder-3.9.1.jar
2023-11-02 11:33:48,389 [Worker-18: Launching mavenrun-b6e9d81e-a12a-4ab4-a61f-f41e2935e193] INFO  o.eclipse.m2e.core.internal.Bundles - 	Entry: C:\Users\wcg170\.p2\pool\plugins\org.eclipse.m2e.maven.runtime_3.9.100.20230519-1558\jars\maven-model-3.9.1.jar
2023-11-02 11:33:48,389 [Worker-18: Launching mavenrun-b6e9d81e-a12a-4ab4-a61f-f41e2935e193] INFO  o.eclipse.m2e.core.internal.Bundles - 	Entry: C:\Users\wcg170\.p2\pool\plugins\org.eclipse.m2e.maven.runtime_3.9.100.20230519-1558\jars\maven-model-builder-3.9.1.jar
2023-11-02 11:33:48,390 [Worker-18: Launching mavenrun-b6e9d81e-a12a-4ab4-a61f-f41e2935e193] INFO  o.eclipse.m2e.core.internal.Bundles - 	Entry: C:\Users\wcg170\.p2\pool\plugins\org.eclipse.m2e.maven.runtime_3.9.100.20230519-1558\jars\maven-plugin-api-3.9.1.jar
2023-11-02 11:33:48,390 [Worker-18: Launching mavenrun-b6e9d81e-a12a-4ab4-a61f-f41e2935e193] INFO  o.eclipse.m2e.core.internal.Bundles - 	Entry: C:\Users\wcg170\.p2\pool\plugins\org.eclipse.m2e.maven.runtime_3.9.100.20230519-1558\jars\maven-repository-metadata-3.9.1.jar
2023-11-02 11:33:48,390 [Worker-18: Launching mavenrun-b6e9d81e-a12a-4ab4-a61f-f41e2935e193] INFO  o.eclipse.m2e.core.internal.Bundles - 	Entry: C:\Users\wcg170\.p2\pool\plugins\org.eclipse.m2e.maven.runtime_3.9.100.20230519-1558\jars\maven-resolver-api-1.9.7.jar
2023-11-02 11:33:48,390 [Worker-18: Launching mavenrun-b6e9d81e-a12a-4ab4-a61f-f41e2935e193] INFO  o.eclipse.m2e.core.internal.Bundles - 	Entry: C:\Users\wcg170\.p2\pool\plugins\org.eclipse.m2e.maven.runtime_3.9.100.20230519-1558\jars\maven-resolver-connector-basic-1.9.7.jar
2023-11-02 11:33:48,390 [Worker-18: Launching mavenrun-b6e9d81e-a12a-4ab4-a61f-f41e2935e193] INFO  o.eclipse.m2e.core.internal.Bundles - 	Entry: C:\Users\wcg170\.p2\pool\plugins\org.eclipse.m2e.maven.runtime_3.9.100.20230519-1558\jars\maven-resolver-impl-1.9.7.jar
2023-11-02 11:33:48,390 [Worker-18: Launching mavenrun-b6e9d81e-a12a-4ab4-a61f-f41e2935e193] INFO  o.eclipse.m2e.core.internal.Bundles - 	Entry: C:\Users\wcg170\.p2\pool\plugins\org.eclipse.m2e.maven.runtime_3.9.100.20230519-1558\jars\maven-resolver-named-locks-1.9.7.jar
2023-11-02 11:33:48,390 [Worker-18: Launching mavenrun-b6e9d81e-a12a-4ab4-a61f-f41e2935e193] INFO  o.eclipse.m2e.core.internal.Bundles - 	Entry: C:\Users\wcg170\.p2\pool\plugins\org.eclipse.m2e.maven.runtime_3.9.100.20230519-1558\jars\maven-resolver-provider-3.9.1.jar
2023-11-02 11:33:48,390 [Worker-18: Launching mavenrun-b6e9d81e-a12a-4ab4-a61f-f41e2935e193] INFO  o.eclipse.m2e.core.internal.Bundles - 	Entry: C:\Users\wcg170\.p2\pool\plugins\org.eclipse.m2e.maven.runtime_3.9.100.20230519-1558\jars\maven-resolver-spi-1.9.7.jar
2023-11-02 11:33:48,390 [Worker-18: Launching mavenrun-b6e9d81e-a12a-4ab4-a61f-f41e2935e193] INFO  o.eclipse.m2e.core.internal.Bundles - 	Entry: C:\Users\wcg170\.p2\pool\plugins\org.eclipse.m2e.maven.runtime_3.9.100.20230519-1558\jars\maven-resolver-transport-wagon-1.9.7.jar
2023-11-02 11:33:48,390 [Worker-18: Launching mavenrun-b6e9d81e-a12a-4ab4-a61f-f41e2935e193] INFO  o.eclipse.m2e.core.internal.Bundles - 	Entry: C:\Users\wcg170\.p2\pool\plugins\org.eclipse.m2e.maven.runtime_3.9.100.20230519-1558\jars\maven-resolver-util-1.9.7.jar
2023-11-02 11:33:48,390 [Worker-18: Launching mavenrun-b6e9d81e-a12a-4ab4-a61f-f41e2935e193] INFO  o.eclipse.m2e.core.internal.Bundles - 	Entry: C:\Users\wcg170\.p2\pool\plugins\org.eclipse.m2e.maven.runtime_3.9.100.20230519-1558\jars\maven-settings-3.9.1.jar
2023-11-02 11:33:48,391 [Worker-18: Launching mavenrun-b6e9d81e-a12a-4ab4-a61f-f41e2935e193] INFO  o.eclipse.m2e.core.internal.Bundles - 	Entry: C:\Users\wcg170\.p2\pool\plugins\org.eclipse.m2e.maven.runtime_3.9.100.20230519-1558\jars\maven-settings-builder-3.9.1.jar
2023-11-02 11:33:48,391 [Worker-18: Launching mavenrun-b6e9d81e-a12a-4ab4-a61f-f41e2935e193] INFO  o.eclipse.m2e.core.internal.Bundles - 	Entry: C:\Users\wcg170\.p2\pool\plugins\org.eclipse.m2e.maven.runtime_3.9.100.20230519-1558\jars\maven-shared-utils-3.3.4.jar
2023-11-02 11:33:48,391 [Worker-18: Launching mavenrun-b6e9d81e-a12a-4ab4-a61f-f41e2935e193] INFO  o.eclipse.m2e.core.internal.Bundles - 	Entry: C:\Users\wcg170\.p2\pool\plugins\org.eclipse.m2e.maven.runtime_3.9.100.20230519-1558\jars\okhttp-3.14.1.jar
2023-11-02 11:33:48,391 [Worker-18: Launching mavenrun-b6e9d81e-a12a-4ab4-a61f-f41e2935e193] INFO  o.eclipse.m2e.core.internal.Bundles - 	Entry: C:\Users\wcg170\.p2\pool\plugins\org.eclipse.m2e.maven.runtime_3.9.100.20230519-1558\jars\okio-1.17.3.jar
2023-11-02 11:33:48,404 [Worker-18: Launching mavenrun-b6e9d81e-a12a-4ab4-a61f-f41e2935e193] INFO  o.eclipse.m2e.core.internal.Bundles - 	Entry: C:\Users\wcg170\.p2\pool\plugins\org.eclipse.m2e.maven.runtime_3.9.100.20230519-1558\jars\org.eclipse.sisu.inject-0.3.5.jar
2023-11-02 11:33:48,404 [Worker-18: Launching mavenrun-b6e9d81e-a12a-4ab4-a61f-f41e2935e193] INFO  o.eclipse.m2e.core.internal.Bundles - 	Entry: C:\Users\wcg170\.p2\pool\plugins\org.eclipse.m2e.maven.runtime_3.9.100.20230519-1558\jars\org.eclipse.sisu.plexus-0.3.5.jar
2023-11-02 11:33:48,404 [Worker-18: Launching mavenrun-b6e9d81e-a12a-4ab4-a61f-f41e2935e193] INFO  o.eclipse.m2e.core.internal.Bundles - 	Entry: C:\Users\wcg170\.p2\pool\plugins\org.eclipse.m2e.maven.runtime_3.9.100.20230519-1558\jars\plexus-build-api-0.0.7.jar
2023-11-02 11:33:48,405 [Worker-18: Launching mavenrun-b6e9d81e-a12a-4ab4-a61f-f41e2935e193] INFO  o.eclipse.m2e.core.internal.Bundles - 	Entry: C:\Users\wcg170\.p2\pool\plugins\org.eclipse.m2e.maven.runtime_3.9.100.20230519-1558\jars\plexus-cipher-2.0.jar
2023-11-02 11:33:48,405 [Worker-18: Launching mavenrun-b6e9d81e-a12a-4ab4-a61f-f41e2935e193] INFO  o.eclipse.m2e.core.internal.Bundles - 	Entry: C:\Users\wcg170\.p2\pool\plugins\org.eclipse.m2e.maven.runtime_3.9.100.20230519-1558\jars\plexus-classworlds-2.6.0.jar
2023-11-02 11:33:48,405 [Worker-18: Launching mavenrun-b6e9d81e-a12a-4ab4-a61f-f41e2935e193] INFO  o.eclipse.m2e.core.internal.Bundles - 	Entry: C:\Users\wcg170\.p2\pool\plugins\org.eclipse.m2e.maven.runtime_3.9.100.20230519-1558\jars\plexus-component-annotations-2.1.0.jar
2023-11-02 11:33:48,405 [Worker-18: Launching mavenrun-b6e9d81e-a12a-4ab4-a61f-f41e2935e193] INFO  o.eclipse.m2e.core.internal.Bundles - 	Entry: C:\Users\wcg170\.p2\pool\plugins\org.eclipse.m2e.maven.runtime_3.9.100.20230519-1558\jars\plexus-interpolation-1.26.jar
2023-11-02 11:33:48,405 [Worker-18: Launching mavenrun-b6e9d81e-a12a-4ab4-a61f-f41e2935e193] INFO  o.eclipse.m2e.core.internal.Bundles - 	Entry: C:\Users\wcg170\.p2\pool\plugins\org.eclipse.m2e.maven.runtime_3.9.100.20230519-1558\jars\plexus-sec-dispatcher-2.0.jar
2023-11-02 11:33:48,405 [Worker-18: Launching mavenrun-b6e9d81e-a12a-4ab4-a61f-f41e2935e193] INFO  o.eclipse.m2e.core.internal.Bundles - 	Entry: C:\Users\wcg170\.p2\pool\plugins\org.eclipse.m2e.maven.runtime_3.9.100.20230519-1558\jars\plexus-utils-3.5.1.jar
2023-11-02 11:33:48,405 [Worker-18: Launching mavenrun-b6e9d81e-a12a-4ab4-a61f-f41e2935e193] INFO  o.eclipse.m2e.core.internal.Bundles - 	Entry: C:\Users\wcg170\.p2\pool\plugins\org.eclipse.m2e.maven.runtime_3.9.100.20230519-1558\jars\wagon-file-3.5.3.jar
2023-11-02 11:33:48,405 [Worker-18: Launching mavenrun-b6e9d81e-a12a-4ab4-a61f-f41e2935e193] INFO  o.eclipse.m2e.core.internal.Bundles - 	Entry: C:\Users\wcg170\.p2\pool\plugins\org.eclipse.m2e.maven.runtime_3.9.100.20230519-1558\jars\wagon-provider-api-3.5.3.jar
2023-11-02 11:33:48,406 [Worker-18: Launching mavenrun-b6e9d81e-a12a-4ab4-a61f-f41e2935e193] INFO  o.eclipse.m2e.core.internal.Bundles - getClasspathEntries(Bundle=com.google.guava_31.1.0.jre [11])
2023-11-02 11:33:48,407 [Worker-18: Launching mavenrun-b6e9d81e-a12a-4ab4-a61f-f41e2935e193] INFO  o.eclipse.m2e.core.internal.Bundles - 	Entry: C:\Users\wcg170\.p2\pool\plugins\com.google.guava_31.1.0.jre.jar
2023-11-02 11:33:48,407 [Worker-18: Launching mavenrun-b6e9d81e-a12a-4ab4-a61f-f41e2935e193] INFO  o.eclipse.m2e.core.internal.Bundles - getClasspathEntries(Bundle=slf4j.api_1.7.36 [677])
2023-11-02 11:33:48,408 [Worker-18: Launching mavenrun-b6e9d81e-a12a-4ab4-a61f-f41e2935e193] INFO  o.eclipse.m2e.core.internal.Bundles - 	Entry: C:\Users\wcg170\.p2\pool\plugins\slf4j.api_1.7.36.jar
2023-11-02 11:33:48,408 [Worker-18: Launching mavenrun-b6e9d81e-a12a-4ab4-a61f-f41e2935e193] INFO  o.eclipse.m2e.core.internal.Bundles - getClasspathEntries(Bundle=javax.inject_1.0.0.v20220405-0441 [25])
2023-11-02 11:33:48,409 [Worker-18: Launching mavenrun-b6e9d81e-a12a-4ab4-a61f-f41e2935e193] INFO  o.eclipse.m2e.core.internal.Bundles - 	Entry: C:\Users\wcg170\.p2\pool\plugins\javax.inject_1.0.0.v20220405-0441.jar
2023-11-02 11:33:48,409 [Worker-18: Launching mavenrun-b6e9d81e-a12a-4ab4-a61f-f41e2935e193] INFO  o.eclipse.m2e.core.internal.Bundles - getClasspathEntries(Bundle=javax.annotation_1.3.5.v20230504-0748 [23])
2023-11-02 11:33:48,410 [Worker-18: Launching mavenrun-b6e9d81e-a12a-4ab4-a61f-f41e2935e193] INFO  o.eclipse.m2e.core.internal.Bundles - 	Entry: C:\Users\wcg170\.p2\pool\plugins\javax.annotation_1.3.5.v20230504-0748.jar
2023-11-02 11:33:48,410 [Worker-18: Launching mavenrun-b6e9d81e-a12a-4ab4-a61f-f41e2935e193] INFO  o.eclipse.m2e.core.internal.Bundles - getClasspathEntries(Bundle=org.apache.commons.cli_1.5.0 [47])
2023-11-02 11:33:48,410 [Worker-18: Launching mavenrun-b6e9d81e-a12a-4ab4-a61f-f41e2935e193] INFO  o.eclipse.m2e.core.internal.Bundles - 	Entry: C:\Users\wcg170\.p2\pool\plugins\org.apache.commons.cli_1.5.0.jar
2023-11-02 11:33:48,410 [Worker-18: Launching mavenrun-b6e9d81e-a12a-4ab4-a61f-f41e2935e193] INFO  o.eclipse.m2e.core.internal.Bundles - getClasspathEntries(Bundle=com.google.guava.failureaccess_1.0.1 [12])
2023-11-02 11:33:48,411 [Worker-18: Launching mavenrun-b6e9d81e-a12a-4ab4-a61f-f41e2935e193] INFO  o.eclipse.m2e.core.internal.Bundles - 	Entry: C:\Users\wcg170\.p2\pool\plugins\com.google.guava.failureaccess_1.0.1.jar
2023-11-02 11:33:48,416 [Worker-18: Launching mavenrun-b6e9d81e-a12a-4ab4-a61f-f41e2935e193] INFO  o.e.m.i.launch.MavenLaunchDelegate - Run build in "C:\Users\wcg170\AppData\Local\Temp\m2e-archetypeGenerator11799205450402330229":
2023-11-02 11:33:48,418 [Worker-18: Launching mavenrun-b6e9d81e-a12a-4ab4-a61f-f41e2935e193] INFO  o.e.m.i.launch.MavenLaunchDelegate -  mvn  -DarchetypeGroupId=org.apache.maven.archetypes -DarchetypeArtifactId=maven-archetype-quickstart -DarchetypeVersion=1.4 -DgroupId=Selenium_Practice -DartifactId=git-learning -Dversion=0.0.1-SNAPSHOT -Dpackage=Selenium_Practice.git_learning -DoutputDirectory=D:\All_Workspace\Mane-Kakade-Patil-Workspace -Dstyle.color=always -U archetype:generate
2023-11-02 11:33:57,081 [Worker-30: Creating maven-archetype-quickstart] INFO  o.e.m.c.i.p.ProjectConfigurationManager - Collecting project info '/pom.xml' D:\All_Workspace\Mane-Kakade-Patil-Workspace\git-learning\pom.xml
2023-11-02 11:33:57,654 [Worker-30: Creating maven-archetype-quickstart] INFO  o.e.m.c.i.l.LifecycleMappingFactory - Using org.eclipse.m2e.jdt.JarLifecycleMapping lifecycle mapping for MavenProject: Selenium_Practice:git-learning:0.0.1-SNAPSHOT @ D:\All_Workspace\Mane-Kakade-Patil-Workspace\git-learning\pom.xml.
2023-11-02 11:33:58,062 [Worker-30: Creating maven-archetype-quickstart] INFO  o.e.m.j.i.AbstractJavaProjectConfigurator - Adding source folder /git-learning/src/main/java
2023-11-02 11:33:58,063 [Worker-30: Creating maven-archetype-quickstart] INFO  o.e.m.j.i.AbstractJavaProjectConfigurator - Adding resource folder /git-learning/src/main/resources
2023-11-02 11:33:58,068 [Worker-30: Creating maven-archetype-quickstart] INFO  o.e.m.j.i.AbstractJavaProjectConfigurator - Adding source folder /git-learning/src/test/java
2023-11-02 11:33:58,069 [Worker-30: Creating maven-archetype-quickstart] INFO  o.e.m.j.i.AbstractJavaProjectConfigurator - Adding resource folder /git-learning/src/test/resources
2023-11-02 11:33:58,149 [Worker-30: Creating maven-archetype-quickstart] INFO  o.e.m.c.i.p.ProjectConfigurationManager - Imported and configured 1 project(s) in 1 sec
2023-11-02 11:33:58,705 [Worker-23: Building] INFO  o.e.m.c.i.embedder.EclipseLogger - Using 'UTF-8' encoding to copy filtered resources.
2023-11-02 11:33:58,705 [Worker-23: Building] INFO  o.e.m.c.i.embedder.EclipseLogger - skip non existing resourceDirectory D:\All_Workspace\Mane-Kakade-Patil-Workspace\git-learning\src\main\resources
2023-11-02 11:33:58,708 [Worker-23: Building] INFO  o.e.m.c.i.embedder.EclipseLogger - Using 'UTF-8' encoding to copy filtered resources.
2023-11-02 11:33:58,708 [Worker-23: Building] INFO  o.e.m.c.i.embedder.EclipseLogger - skip non existing resourceDirectory D:\All_Workspace\Mane-Kakade-Patil-Workspace\git-learning\src\test\resources
